<?xml version="1.0" encoding="UTF-8"?>
<!-- Generated by org.testng.reporters.JUnitReportReporter -->
<testsuite hostname="DESKTOP-9O8U9LO" failures="0" tests="1" name="login_Suite.TC02_SelectProduct" time="0.407" errors="0" timestamp="2023-11-06T20:44:37 BOT" skipped="0">
  <testcase classname="login_Suite.TC02_SelectProduct" name="TC_02" time="0.407"/>
  <system-out/>
</testsuite> <!-- login_Suite.TC02_SelectProduct -->
